"1-vectProd"
"vectProd [1,2,3,4,5] [6,7,8,9,10] : 130"
"vectProd [] [] : 0"
"-------------------------------------------"
"2-lasty"
"lasty [1,2,3,4,5] : 5"
"lasty [] : 0"
"-------------------------------------------"
"3-compose"
"compose :: (t1 -> t) -> (t2 -> t1) -> t2 -> t"
"Compose retorna o resultado de F(G(x)). Seu tipo sao duas funcoes que podem ser aplicadas ao mesmo tipo do elemento de resposta"
"-------------------------------------------"
"4-average"
"average [1,2,3,4,5] : 3.0"
"-------------------------------------------"
"5-currying"
"uncurry (+) (3,4) == 7. Pois a funcao uncurry ira aplicar o primeiro argumento (+) como funcao em ambos os elementos do segundo argumento (3,4)"
"curry g 3 4 == 7. Pois a funcao curry ira aplicar o primeiro argumento (g) como funcao, tendo os proximos elementos como seus argumentos. Como g(a,b) = a+b, entao g(3,4) = 7"
"(+) 3 4 == 7. Pois estamos usando a funcao (+) na notacao prefixa"
"3 + 4 == 7. Pois estamos usando a funcao (+) na notacao infixa"
"-------------------------------------------"
"6-double"
"map double [1,4,4,3] : [2,8,8,6]"
"map (double . double) [1,4,4,3] : [4,16,16,12]"
"map double []  : []"
"-------------------------------------------"
"7-elementAt"
"elementAt 4 [1,2,3,4,5] : [5]"
"-------------------------------------------"
"8-inicial"
"A funcao inicial verifica se os elementos da primeira lista sao os primeiros elementos da segunda lista."
"inicial [1,2,3] [1,2,3,4,5] : True"
"inicial [1,2,4] [1,2,3,4,5] : False"
"-------------------------------------------"
"9- ++ / concat / map"
"[1,2,3] ++ [4,5] : [1,2,3,4,5]. Disso temos que ++ concatena duas listas"
"map (*2) [1,2,3] : [2,4,6]. Disso temos que map aplica o seu primeiro argumento como funcao para cada um dos elementos do seu segundo argumento, que no caso eh uma lista"
"concat [[1],[2,3]] : [1,2,3]. Disso temos que concat concatena os elementos do seu argumento, uma lista de listas, transformando-o numa unica lista"
"-------------------------------------------"
"10-numerosPrimos"
"numerosPrimos = coador [2 .. ]"
"where coador (x:xs) = x:coador [n | n <- xs, mod n x > 0]"
"A funcao numerosPrimos chama a funcao coador que por sua vez funciona da seguinte forma: "
"O primeiro elemento da lista, passada por argumento, de coador eh adicionado a lista de numeros primos. Os outros elementos da lista serao eliminados se os mesmos forem multiplos de X. Essa nova lista filtrada eh passada como parametro para uma nova chamada da funcao coador."
"Em resumo, na primeira chamada removemos os elementos multiplos exclusivos de 2, na segunda removemos os elementos multiplos exclusivos de 3, e assim por diante. Ao final desse processo so teremos numeros primos"
"-------------------------------------------"
